------------------------------------------
 TIME  | PC | INSTR  | Z C N V TOS NOS N2
------------------------------------------
     0 | 00 | LIT#07 | 1 0 0 0  00 00 00
    30 | 01 | LIT#05 | 0 0 1 0  07 00 00
    50 | 02 | LIT#03 | 0 0 1 0  05 07 00
    70 | 03 | ADD    | 0 0 1 0  03 05 07
    90 | 04 | ADD    | 0 0 0 0  08 07 00
   110 | 05 | SWAP   | 0 0 1 0  0f 00 00
   130 | 06 | SWAP   | 1 0 0 0  00 0f 00
   150 | 07 | DUP    | 0 0 1 0  0f 00 00
   170 | 08 | DROP   | 0 0 1 0  0f 0f 00
   190 | 09 | LIT#00 | 0 0 1 0  0f 00 00
   210 | 0a | LIT#01 | 1 0 0 0  00 0f 00
   230 | 0b | SUB    | 0 0 1 0  01 00 0f
   250 | 0c | LIT#01 | 0 0 1 0  ff 0f 00
   270 | 0d | ADC    | 0 0 1 0  01 ff 0f
   290 | 0e | LIT#00 | 1 1 0 0  00 0f 00
   310 | 0f | LIT#00 | 1 0 0 0  00 00 0f
--------------------------------------------
mini8_tb.v:111: $finish called at 325000 (1ps)
